{"level":"info","message":"::ffff:127.0.0.1 - POST /auth/signup 201 300.048 ms - 737","timestamp":"2026-06-27 11:51:54"}
{"level":"error","message":"API Error: AppError: Email address is already in use\n    at AuthService.signupVendor (C:\\Users\\Laptop Legion\\Desktop\\vendor-registration\\backend\\src\\modules\\auth\\auth.service.ts:14:13)\n    at signup (C:\\Users\\Laptop Legion\\Desktop\\vendor-registration\\backend\\src\\modules\\auth\\auth.controller.ts:9:20) {\n  [stack]: [Getter/Setter],\n  [message]: 'Email address is already in use',\n  statusCode: 400,\n  errors: [ [length]: 0 ]\n}","timestamp":"2026-06-27 11:51:54"}
{"level":"info","message":"::ffff:127.0.0.1 - POST /auth/signup 400 49.702 ms - 73","timestamp":"2026-06-27 11:51:54"}
{"level":"info","message":"::ffff:127.0.0.1 - POST /auth/login 200 145.958 ms - 1178","timestamp":"2026-06-27 11:51:54"}
{"level":"info","message":"::ffff:127.0.0.1 - GET /vendors/profile 200 17.951 ms - 562","timestamp":"2026-06-27 11:51:54"}
{"level":"info","message":"::ffff:127.0.0.1 - GET /vendors/profile/completion 200 9.853 ms - 106","timestamp":"2026-06-27 11:51:54"}
{"level":"info","message":"⚡️ Server is running on port 5050 in development mode","timestamp":"2026-06-27 14:20:39"}
{"level":"info","message":"⚡️ Server is running on port 5050 in development mode","timestamp":"2026-06-27 14:22:32"}
{"level":"info","message":"::1 - POST /auth/login 200 128.301 ms - 690","timestamp":"2026-06-27 14:23:09"}
{"level":"info","message":"::1 - GET /admin/dashboard 200 89.407 ms - 194","timestamp":"2026-06-27 14:23:09"}
{"level":"info","message":"::1 - GET /services/main-categories 200 5.322 ms - 674","timestamp":"2026-06-27 14:23:13"}
{"level":"info","message":"::1 - GET /admin/vendors 200 14.811 ms - 5717","timestamp":"2026-06-27 14:23:13"}
{"level":"info","message":"::1 - POST /auth/login 200 70.988 ms - 690","timestamp":"2026-06-27 14:23:44"}
{"level":"info","message":"::1 - GET /admin/dashboard 304 5.858 ms - -","timestamp":"2026-06-27 14:23:44"}
{"level":"info","message":"::1 - GET /services/main-categories 304 9.160 ms - -","timestamp":"2026-06-27 14:24:37"}
{"level":"info","message":"::1 - GET /admin/vendors 304 18.717 ms - -","timestamp":"2026-06-27 14:24:37"}
{"level":"info","message":"::1 - POST /auth/login 200 500.110 ms - 690","timestamp":"2026-06-27 14:27:29"}
{"level":"info","message":"::1 - GET /admin/dashboard 200 68.673 ms - 194","timestamp":"2026-06-27 14:27:30"}
{"level":"info","message":"::1 - GET /services/main-categories 200 8.113 ms - 674","timestamp":"2026-06-27 14:28:02"}
{"level":"info","message":"::1 - GET /admin/vendors 200 24.411 ms - 5717","timestamp":"2026-06-27 14:28:02"}
{"level":"info","message":"::1 - POST /auth/login 200 436.113 ms - 690","timestamp":"2026-06-27 14:28:50"}
{"level":"info","message":"::1 - GET /admin/dashboard 304 243.990 ms - -","timestamp":"2026-06-27 14:28:52"}
{"level":"info","message":"::1 - GET /admin/users 200 29.690 ms - 2961","timestamp":"2026-06-27 14:29:06"}
{"level":"info","message":"::1 - POST /auth/login 200 460.861 ms - 690","timestamp":"2026-06-27 14:30:05"}
{"level":"info","message":"::1 - GET /admin/dashboard 304 45.924 ms - -","timestamp":"2026-06-27 14:30:05"}
{"level":"info","message":"::1 - GET /admin/activity-logs 200 52.282 ms - 2911","timestamp":"2026-06-27 14:30:18"}
{"level":"info","message":"::1 - POST /auth/login 200 509.378 ms - 690","timestamp":"2026-06-27 14:32:53"}
{"level":"info","message":"::1 - GET /admin/dashboard 304 146.391 ms - -","timestamp":"2026-06-27 14:32:54"}
{"level":"info","message":"::1 - GET /admin/vendors?page=1&limit=5 200 89.419 ms - 2912","timestamp":"2026-06-27 14:32:54"}
{"level":"info","message":"::1 - GET /admin/activity-logs?page=1&limit=5 200 60.085 ms - 2147","timestamp":"2026-06-27 14:32:54"}
{"level":"info","message":"::1 - GET /admin/vendors?page=1&limit=10 200 50.699 ms - 5717","timestamp":"2026-06-27 14:33:11"}
{"level":"info","message":"::1 - GET /services/main-categories 304 88.890 ms - -","timestamp":"2026-06-27 14:33:11"}
{"level":"info","message":"::1 - GET /admin/users?page=1&limit=10 200 36.697 ms - 2961","timestamp":"2026-06-27 14:33:26"}
{"level":"info","message":"::1 - GET /admin/activity-logs?page=1&limit=10 200 39.616 ms - 3312","timestamp":"2026-06-27 14:33:42"}
{"level":"info","message":"::1 - POST /auth/login 200 309.319 ms - 690","timestamp":"2026-06-27 14:34:34"}
{"level":"info","message":"::1 - GET /admin/activity-logs?page=1&limit=5 200 226.328 ms - 2148","timestamp":"2026-06-27 14:34:34"}
{"level":"info","message":"::1 - GET /admin/dashboard 304 259.606 ms - -","timestamp":"2026-06-27 14:34:34"}
{"level":"info","message":"::1 - GET /admin/vendors?page=1&limit=5 200 283.050 ms - 2912","timestamp":"2026-06-27 14:34:34"}
{"level":"info","message":"::1 - GET /services 200 32.642 ms - 35070","timestamp":"2026-06-27 14:34:41"}
{"level":"info","message":"::1 - GET /services/main-categories 304 6.314 ms - -","timestamp":"2026-06-27 14:35:17"}
{"level":"info","message":"::1 - GET /admin/vendors?page=1&limit=10 200 27.233 ms - 5717","timestamp":"2026-06-27 14:35:17"}
{"level":"info","message":"::1 - GET /services/categories/ff6779ff-d43b-4b5b-b2b9-6933bbec4e65 200 16.896 ms - 718","timestamp":"2026-06-27 14:35:35"}
{"level":"info","message":"::1 - GET /admin/vendors/filter?mainCategoryId=ff6779ff-d43b-4b5b-b2b9-6933bbec4e65&page=1&limit=10 200 46.386 ms - 3805","timestamp":"2026-06-27 14:35:35"}
{"level":"info","message":"::1 - GET /admin/vendors/1b8718df-0d58-4cd3-91f3-47dbb3c134f4 200 12.880 ms - 2540","timestamp":"2026-06-27 14:35:59"}
{"level":"info","message":"::1 - GET /admin/vendors/0045abbb-acbf-43f2-9876-c79c6b300a8a 200 12.395 ms - 2557","timestamp":"2026-06-27 14:36:37"}
{"level":"info","message":"::1 - GET /admin/activity-logs?page=1&limit=5 304 270.579 ms - -","timestamp":"2026-06-27 14:42:38"}
{"level":"info","message":"::1 - GET /admin/vendors?page=1&limit=5 304 324.250 ms - -","timestamp":"2026-06-27 14:42:38"}
{"level":"info","message":"::1 - GET /admin/dashboard 304 350.785 ms - -","timestamp":"2026-06-27 14:42:38"}
{"level":"info","message":"::1 - GET /services/main-categories 304 8.686 ms - -","timestamp":"2026-06-27 14:42:55"}
{"level":"info","message":"::1 - GET /admin/vendors?page=1&limit=10 304 18.656 ms - -","timestamp":"2026-06-27 14:42:55"}
{"level":"info","message":"::1 - GET /admin/users?page=1&limit=10 200 9.138 ms - 2961","timestamp":"2026-06-27 14:43:18"}
{"level":"info","message":"::1 - GET /services 304 21.355 ms - -","timestamp":"2026-06-27 14:43:19"}
{"level":"info","message":"::1 - GET /admin/vendors/search?q=t&page=1&limit=10 200 80.319 ms - 4509","timestamp":"2026-06-27 14:46:55"}
{"level":"info","message":"::1 - GET /admin/vendors/search?q=te&page=1&limit=10 200 55.876 ms - 2873","timestamp":"2026-06-27 14:46:55"}
{"level":"info","message":"::1 - GET /admin/vendors/536b0f8b-5c2f-48fb-b410-7475bc09141d 200 28.633 ms - 2731","timestamp":"2026-06-27 14:47:15"}
{"level":"info","message":"Password reset link generated: http://localhost:3000/reset-password?token=e84b0237bdcef11d12d015da50a77f2ba9ddbd6044aa246da9954e56eef9bee2","timestamp":"2026-06-27 14:49:34"}
{"level":"info","message":"::1 - POST /auth/forgot-password 200 173.355 ms - 177","timestamp":"2026-06-27 14:49:34"}
{"level":"info","message":"::1 - POST /auth/refresh-token 200 32.449 ms - 505","timestamp":"2026-06-27 14:49:34"}
{"level":"info","message":"::1 - POST /auth/login 200 165.980 ms - 690","timestamp":"2026-06-27 14:49:55"}
{"level":"info","message":"::1 - GET /admin/dashboard 304 243.447 ms - -","timestamp":"2026-06-27 14:49:55"}
{"level":"info","message":"::1 - GET /admin/activity-logs?page=1&limit=5 200 266.376 ms - 2153","timestamp":"2026-06-27 14:49:55"}
{"level":"info","message":"::1 - GET /admin/vendors?page=1&limit=5 304 276.987 ms - -","timestamp":"2026-06-27 14:49:55"}
{"level":"info","message":"::1 - POST /auth/login 200 423.902 ms - 690","timestamp":"2026-06-27 14:56:06"}
{"level":"info","message":"::1 - GET /admin/vendors?page=1&limit=5 304 261.729 ms - -","timestamp":"2026-06-27 14:56:06"}
{"level":"info","message":"::1 - GET /admin/dashboard 304 268.141 ms - -","timestamp":"2026-06-27 14:56:06"}
{"level":"info","message":"::1 - GET /admin/activity-logs?page=1&limit=5 200 263.959 ms - 2153","timestamp":"2026-06-27 14:56:06"}
{"level":"info","message":"::1 - GET /admin/vendors/0045abbb-acbf-43f2-9876-c79c6b300a8a 304 26.316 ms - -","timestamp":"2026-06-27 14:56:11"}
{"level":"info","message":"::1 - PATCH /admin/vendors/0045abbb-acbf-43f2-9876-c79c6b300a8a/status 200 39.667 ms - 602","timestamp":"2026-06-27 14:56:20"}
{"level":"info","message":"::1 - GET /admin/vendors/0045abbb-acbf-43f2-9876-c79c6b300a8a 200 9.397 ms - 2558","timestamp":"2026-06-27 14:56:20"}
{"level":"info","message":"::1 - GET /services/main-categories 304 4.675 ms - -","timestamp":"2026-06-27 14:56:28"}
{"level":"info","message":"::1 - GET /admin/vendors?page=1&limit=10 200 12.810 ms - 5718","timestamp":"2026-06-27 14:56:28"}
{"level":"info","message":"::1 - GET /services/main-categories 304 9.679 ms - -","timestamp":"2026-06-27 14:57:36"}
{"level":"info","message":"::1 - GET /admin/vendors?page=1&limit=10 304 20.073 ms - -","timestamp":"2026-06-27 14:57:36"}
{"level":"info","message":"::1 - GET /admin/users?page=1&limit=10 200 8.963 ms - 2962","timestamp":"2026-06-27 14:57:50"}
{"level":"info","message":"::1 - GET /admin/dashboard 200 13.665 ms - 194","timestamp":"2026-06-27 14:58:07"}
{"level":"info","message":"::1 - GET /admin/vendors?page=1&limit=5 200 11.819 ms - 2913","timestamp":"2026-06-27 14:58:07"}
{"level":"info","message":"::1 - GET /admin/activity-logs?page=1&limit=5 200 13.654 ms - 2219","timestamp":"2026-06-27 14:58:07"}
{"level":"info","message":"::1 - GET /admin/dashboard 304 12.197 ms - -","timestamp":"2026-06-27 14:58:22"}
{"level":"info","message":"::1 - GET /admin/vendors?page=1&limit=5 304 14.022 ms - -","timestamp":"2026-06-27 14:58:22"}
{"level":"info","message":"::1 - GET /admin/activity-logs?page=1&limit=5 304 11.088 ms - -","timestamp":"2026-06-27 14:58:22"}
{"level":"info","message":"::1 - GET /admin/dashboard 304 20.771 ms - -","timestamp":"2026-06-27 14:58:49"}
{"level":"info","message":"::1 - GET /admin/vendors?page=1&limit=5 304 17.225 ms - -","timestamp":"2026-06-27 14:58:49"}
{"level":"info","message":"::1 - GET /admin/activity-logs?page=1&limit=5 304 15.662 ms - -","timestamp":"2026-06-27 14:58:49"}
{"level":"info","message":"::1 - GET /services/main-categories 304 161.051 ms - -","timestamp":"2026-06-27 15:05:11"}
{"level":"info","message":"::1 - GET /admin/vendors?page=1&limit=10 304 188.153 ms - -","timestamp":"2026-06-27 15:05:11"}
{"level":"info","message":"::1 - GET /admin/users?page=1&limit=10 304 12.682 ms - -","timestamp":"2026-06-27 15:05:19"}
{"level":"info","message":"::1 - POST /auth/signup 201 373.717 ms - 744","timestamp":"2026-06-27 15:32:00"}
{"level":"info","message":"::1 - POST /auth/login 200 173.732 ms - 1185","timestamp":"2026-06-27 15:32:37"}
{"level":"info","message":"::1 - GET /vendors/dashboard 200 27.890 ms - 1036","timestamp":"2026-06-27 15:32:37"}
{"level":"info","message":"::1 - GET /vendors/profile/completion 200 141.709 ms - 106","timestamp":"2026-06-27 15:32:37"}
{"level":"info","message":"::1 - GET /vendors/profile 200 6.592 ms - 577","timestamp":"2026-06-27 15:32:48"}
{"level":"info","message":"::1 - GET /vendors/profile/completion 304 4.375 ms - -","timestamp":"2026-06-27 15:33:10"}
{"level":"info","message":"::1 - GET /vendors/dashboard 304 14.825 ms - -","timestamp":"2026-06-27 15:33:10"}
{"level":"info","message":"::1 - GET /vendors/services 200 12.330 ms - 77","timestamp":"2026-06-27 15:33:32"}
{"level":"info","message":"::1 - GET /services/main-categories 304 11.066 ms - -","timestamp":"2026-06-27 15:33:32"}
{"level":"info","message":"::1 - GET /vendors/profile 304 5.435 ms - -","timestamp":"2026-06-27 15:33:37"}
{"level":"info","message":"::1 - GET /vendors/profile/completion 304 4.277 ms - -","timestamp":"2026-06-27 15:33:46"}
{"level":"info","message":"::1 - GET /vendors/dashboard 304 10.477 ms - -","timestamp":"2026-06-27 15:33:46"}
{"level":"info","message":"::1 - GET /vendors/services 304 9.568 ms - -","timestamp":"2026-06-27 15:33:50"}
{"level":"info","message":"::1 - GET /services/main-categories 304 10.059 ms - -","timestamp":"2026-06-27 15:33:50"}
{"level":"info","message":"::1 - GET /services/categories/ff6779ff-d43b-4b5b-b2b9-6933bbec4e65 304 11.738 ms - -","timestamp":"2026-06-27 15:33:57"}
{"level":"info","message":"::1 - GET /services/sub-categories/237f2ca9-9ef0-4560-8db4-b0e3a3d63a2e 200 13.956 ms - 904","timestamp":"2026-06-27 15:34:10"}
{"level":"info","message":"::1 - POST /vendors/services 201 45.259 ms - 339","timestamp":"2026-06-27 15:34:32"}
{"level":"info","message":"::1 - GET /vendors/services 200 14.699 ms - 718","timestamp":"2026-06-27 15:34:32"}
{"level":"info","message":"::1 - GET /vendors/profile 200 10.384 ms - 1219","timestamp":"2026-06-27 15:34:54"}
{"level":"info","message":"::1 - GET /vendors/profile 304 7.774 ms - -","timestamp":"2026-06-27 15:34:58"}
{"level":"info","message":"::1 - GET /vendors/dashboard 200 11.671 ms - 1399","timestamp":"2026-06-27 15:35:03"}
{"level":"info","message":"::1 - GET /vendors/profile/completion 200 16.369 ms - 107","timestamp":"2026-06-27 15:35:03"}
{"level":"info","message":"::1 - GET /services/main-categories 304 3.109 ms - -","timestamp":"2026-06-27 15:35:07"}
{"level":"info","message":"::1 - GET /vendors/services 304 15.630 ms - -","timestamp":"2026-06-27 15:35:07"}
{"level":"info","message":"::1 - GET /vendors/profile 304 12.929 ms - -","timestamp":"2026-06-27 15:35:09"}
{"level":"info","message":"::1 - GET /vendors/profile 304 240.464 ms - -","timestamp":"2026-06-27 15:38:55"}
{"level":"error","message":"API Error: AppError: Unauthorized access\n    at authenticate (C:\\Users\\Laptop Legion\\Desktop\\vendor-registration\\backend\\src\\middleware\\auth.middleware.ts:33:10)\n    at Layer.handle [as handle_request] (C:\\Users\\Laptop Legion\\Desktop\\vendor-registration\\backend\\node_modules\\express\\lib\\router\\layer.js:95:5)\n    at trim_prefix (C:\\Users\\Laptop Legion\\Desktop\\vendor-registration\\backend\\node_modules\\express\\lib\\router\\index.js:328:13)\n    at C:\\Users\\Laptop Legion\\Desktop\\vendor-registration\\backend\\node_modules\\express\\lib\\router\\index.js:286:9\n    at router.process_params (C:\\Users\\Laptop Legion\\Desktop\\vendor-registration\\backend\\node_modules\\express\\lib\\router\\index.js:346:12)\n    at next (C:\\Users\\Laptop Legion\\Desktop\\vendor-registration\\backend\\node_modules\\express\\lib\\router\\index.js:280:10)\n    at router.handle (C:\\Users\\Laptop Legion\\Desktop\\vendor-registration\\backend\\node_modules\\express\\lib\\router\\index.js:175:3)\n    at router (C:\\Users\\Laptop Legion\\Desktop\\vendor-registration\\backend\\node_modules\\express\\lib\\router\\index.js:47:12)\n    at Layer.handle [as handle_request] (C:\\Users\\Laptop Legion\\Desktop\\vendor-registration\\backend\\node_modules\\express\\lib\\router\\layer.js:95:5)\n    at trim_prefix (C:\\Users\\Laptop Legion\\Desktop\\vendor-registration\\backend\\node_modules\\express\\lib\\router\\index.js:328:13) {\n  [stack]: [Getter/Setter],\n  [message]: 'Unauthorized access',\n  statusCode: 401,\n  errors: [ [length]: 0 ]\n}","timestamp":"2026-06-27 15:50:09"}
{"level":"info","message":"::1 - GET /vendors/dashboard 401 43.952 ms - 61","timestamp":"2026-06-27 15:50:09"}
{"level":"error","message":"API Error: AppError: Unauthorized access\n    at authenticate (C:\\Users\\Laptop Legion\\Desktop\\vendor-registration\\backend\\src\\middleware\\auth.middleware.ts:33:10)\n    at Layer.handle [as handle_request] (C:\\Users\\Laptop Legion\\Desktop\\vendor-registration\\backend\\node_modules\\express\\lib\\router\\layer.js:95:5)\n    at trim_prefix (C:\\Users\\Laptop Legion\\Desktop\\vendor-registration\\backend\\node_modules\\express\\lib\\router\\index.js:328:13)\n    at C:\\Users\\Laptop Legion\\Desktop\\vendor-registration\\backend\\node_modules\\express\\lib\\router\\index.js:286:9\n    at router.process_params (C:\\Users\\Laptop Legion\\Desktop\\vendor-registration\\backend\\node_modules\\express\\lib\\router\\index.js:346:12)\n    at next (C:\\Users\\Laptop Legion\\Desktop\\vendor-registration\\backend\\node_modules\\express\\lib\\router\\index.js:280:10)\n    at router.handle (C:\\Users\\Laptop Legion\\Desktop\\vendor-registration\\backend\\node_modules\\express\\lib\\router\\index.js:175:3)\n    at router (C:\\Users\\Laptop Legion\\Desktop\\vendor-registration\\backend\\node_modules\\express\\lib\\router\\index.js:47:12)\n    at Layer.handle [as handle_request] (C:\\Users\\Laptop Legion\\Desktop\\vendor-registration\\backend\\node_modules\\express\\lib\\router\\layer.js:95:5)\n    at trim_prefix (C:\\Users\\Laptop Legion\\Desktop\\vendor-registration\\backend\\node_modules\\express\\lib\\router\\index.js:328:13) {\n  [stack]: [Getter/Setter],\n  [message]: 'Unauthorized access',\n  statusCode: 401,\n  errors: [ [length]: 0 ]\n}","timestamp":"2026-06-27 15:50:09"}
{"level":"info","message":"::1 - GET /vendors/profile/completion 401 11.885 ms - 61","timestamp":"2026-06-27 15:50:09"}
{"level":"info","message":"::1 - POST /auth/refresh-token 200 166.770 ms - 506","timestamp":"2026-06-27 15:50:09"}
{"level":"info","message":"::1 - GET /vendors/dashboard 304 45.493 ms - -","timestamp":"2026-06-27 15:50:09"}
{"level":"info","message":"::1 - GET /vendors/profile/completion 304 195.202 ms - -","timestamp":"2026-06-27 15:50:09"}
{"level":"info","message":"::1 - GET /vendors/profile 304 11.506 ms - -","timestamp":"2026-06-27 15:50:15"}
{"level":"info","message":"::1 - GET /services/main-categories 304 12.091 ms - -","timestamp":"2026-06-27 15:50:19"}
{"level":"info","message":"::1 - GET /vendors/services 304 27.150 ms - -","timestamp":"2026-06-27 15:50:19"}
{"level":"info","message":"::1 - DELETE /vendors/services/df7ff23e-af60-48b5-83d9-f3bb1744a7ad 200 43.901 ms - 75","timestamp":"2026-06-27 15:50:25"}
{"level":"info","message":"::1 - GET /vendors/services 200 7.227 ms - 77","timestamp":"2026-06-27 15:50:25"}
{"level":"info","message":"::1 - GET /services/categories/d0567f48-e5e4-40b8-af43-bf88dff1611a 200 6.056 ms - 450","timestamp":"2026-06-27 15:50:32"}
{"level":"info","message":"::1 - GET /services/sub-categories/b3bd623d-d6db-4f33-9d3f-1ace50e8f46f 200 6.280 ms - 559","timestamp":"2026-06-27 15:50:39"}
{"level":"info","message":"::1 - GET /services/categories/ff6779ff-d43b-4b5b-b2b9-6933bbec4e65 304 5.843 ms - -","timestamp":"2026-06-27 15:51:22"}
{"level":"info","message":"::1 - GET /services/sub-categories/f3bfe8da-9ff8-4e83-8640-f1de7c306533 200 5.040 ms - 1042","timestamp":"2026-06-27 15:51:27"}
{"level":"info","message":"::1 - POST /vendors/services 201 21.697 ms - 333","timestamp":"2026-06-27 15:51:44"}
{"level":"info","message":"::1 - GET /vendors/services 200 12.867 ms - 713","timestamp":"2026-06-27 15:51:44"}
{"level":"info","message":"::1 - POST /vendors/services 201 31.409 ms - 333","timestamp":"2026-06-27 15:51:44"}
{"level":"info","message":"::1 - GET /vendors/services 200 14.155 ms - 1345","timestamp":"2026-06-27 15:51:44"}
{"level":"info","message":"::1 - POST /vendors/services 201 25.624 ms - 333","timestamp":"2026-06-27 15:51:44"}
{"level":"info","message":"::1 - GET /vendors/services 200 12.962 ms - 1977","timestamp":"2026-06-27 15:51:44"}
{"level":"info","message":"::1 - POST /vendors/services 201 28.431 ms - 333","timestamp":"2026-06-27 15:51:44"}
{"level":"info","message":"::1 - GET /vendors/services 200 14.749 ms - 2611","timestamp":"2026-06-27 15:51:44"}
{"level":"info","message":"::1 - POST /vendors/services 201 29.587 ms - 333","timestamp":"2026-06-27 15:51:44"}
{"level":"info","message":"::1 - GET /vendors/services 200 16.891 ms - 3237","timestamp":"2026-06-27 15:51:44"}
{"level":"info","message":"::1 - POST /vendors/services 201 33.449 ms - 333","timestamp":"2026-06-27 15:51:44"}
{"level":"info","message":"::1 - GET /vendors/services 200 14.352 ms - 3858","timestamp":"2026-06-27 15:51:44"}
{"level":"info","message":"::1 - POST /vendors/services 201 55.938 ms - 333","timestamp":"2026-06-27 15:51:44"}
{"level":"info","message":"::1 - GET /vendors/services 200 17.604 ms - 4479","timestamp":"2026-06-27 15:51:45"}
{"level":"info","message":"::1 - GET /vendors/dashboard 200 13.831 ms - 2123","timestamp":"2026-06-27 15:53:06"}
{"level":"info","message":"::1 - GET /vendors/profile/completion 304 7.609 ms - -","timestamp":"2026-06-27 15:53:14"}
{"level":"info","message":"::1 - GET /vendors/dashboard 304 12.247 ms - -","timestamp":"2026-06-27 15:53:14"}
{"level":"info","message":"::1 - GET /vendors/profile 200 10.310 ms - 4980","timestamp":"2026-06-27 15:53:27"}
{"level":"info","message":"::1 - PUT /vendors/profile 200 25.835 ms - 562","timestamp":"2026-06-27 15:53:30"}
{"level":"info","message":"::1 - GET /vendors/profile 200 11.382 ms - 4980","timestamp":"2026-06-27 15:53:30"}
{"level":"info","message":"::1 - GET /vendors/profile/completion 304 10.582 ms - -","timestamp":"2026-06-27 15:53:32"}
{"level":"info","message":"::1 - GET /vendors/dashboard 200 15.044 ms - 2119","timestamp":"2026-06-27 15:53:32"}
{"level":"info","message":"::1 - POST /auth/login 200 298.065 ms - 690","timestamp":"2026-06-27 15:56:42"}
{"level":"info","message":"::1 - GET /admin/dashboard 200 261.762 ms - 194","timestamp":"2026-06-27 15:56:43"}
{"level":"info","message":"::1 - GET /admin/vendors?page=1&limit=5 200 255.841 ms - 2917","timestamp":"2026-06-27 15:56:43"}
{"level":"info","message":"::1 - GET /admin/activity-logs?page=1&limit=5 200 273.665 ms - 2217","timestamp":"2026-06-27 15:56:43"}
{"level":"info","message":"::1 - GET /admin/vendors/7dc81d5e-64e2-4fed-abdb-39b74d2986d6 200 44.474 ms - 5081","timestamp":"2026-06-27 15:56:51"}
{"level":"info","message":"::1 - PATCH /admin/vendors/7dc81d5e-64e2-4fed-abdb-39b74d2986d6/status 200 43.937 ms - 615","timestamp":"2026-06-27 15:56:59"}
{"level":"info","message":"::1 - GET /admin/vendors/7dc81d5e-64e2-4fed-abdb-39b74d2986d6 200 17.927 ms - 5082","timestamp":"2026-06-27 15:56:59"}
{"level":"info","message":"::1 - GET /vendors/dashboard 200 15.732 ms - 2120","timestamp":"2026-06-27 15:57:06"}
{"level":"info","message":"::1 - GET /vendors/profile/completion 304 31.757 ms - -","timestamp":"2026-06-27 15:57:06"}
{"level":"info","message":"::1 - GET /vendors/profile/completion 304 9.270 ms - -","timestamp":"2026-06-27 15:57:11"}
{"level":"info","message":"::1 - GET /vendors/dashboard 304 19.298 ms - -","timestamp":"2026-06-27 15:57:11"}
{"level":"info","message":"::1 - GET /vendors/profile 200 9.406 ms - 4981","timestamp":"2026-06-27 16:00:16"}
{"level":"info","message":"::1 - GET /services/main-categories 304 4.724 ms - -","timestamp":"2026-06-27 16:01:12"}
{"level":"info","message":"::1 - GET /vendors/services 304 23.897 ms - -","timestamp":"2026-06-27 16:01:12"}
{"level":"info","message":"::1 - GET /services/categories/d0567f48-e5e4-40b8-af43-bf88dff1611a 304 5.772 ms - -","timestamp":"2026-06-27 16:01:19"}
{"level":"info","message":"::1 - GET /services/main-categories 200 143.567 ms - 674","timestamp":"2026-06-27 16:02:46"}
{"level":"info","message":"::1 - GET /admin/vendors?page=1&limit=10 200 175.017 ms - 5731","timestamp":"2026-06-27 16:02:46"}
{"level":"info","message":"::1 - GET /admin/activity-logs?page=1&limit=5 200 16.126 ms - 2265","timestamp":"2026-06-27 16:04:22"}
{"level":"info","message":"::1 - GET /admin/dashboard 200 185.649 ms - 194","timestamp":"2026-06-27 16:04:22"}
{"level":"info","message":"::1 - GET /admin/vendors?page=1&limit=5 200 215.747 ms - 2918","timestamp":"2026-06-27 16:04:22"}
{"level":"info","message":"::1 - GET /services 200 32.758 ms - 35070","timestamp":"2026-06-27 16:04:24"}
{"level":"info","message":"::1 - GET /services/categories/d0567f48-e5e4-40b8-af43-bf88dff1611a 200 12.908 ms - 450","timestamp":"2026-06-27 16:04:37"}
{"level":"info","message":"::1 - GET /admin/vendors/filter?mainCategoryId=d0567f48-e5e4-40b8-af43-bf88dff1611a&page=1&limit=10 200 36.628 ms - 7536","timestamp":"2026-06-27 16:04:37"}
{"level":"info","message":"::1 - GET /services/categories/ff6779ff-d43b-4b5b-b2b9-6933bbec4e65 200 9.392 ms - 718","timestamp":"2026-06-27 16:04:49"}
{"level":"info","message":"::1 - GET /admin/vendors/filter?mainCategoryId=ff6779ff-d43b-4b5b-b2b9-6933bbec4e65&page=1&limit=10 200 34.530 ms - 8754","timestamp":"2026-06-27 16:04:49"}
{"level":"info","message":"::1 - GET /services/categories/d0567f48-e5e4-40b8-af43-bf88dff1611a 304 5.487 ms - -","timestamp":"2026-06-27 16:08:03"}
{"level":"info","message":"::1 - GET /services/sub-categories/b3bd623d-d6db-4f33-9d3f-1ace50e8f46f 200 7.651 ms - 559","timestamp":"2026-06-27 16:08:05"}
{"level":"info","message":"::1 - GET /admin/vendors/filter?mainCategoryId=d0567f48-e5e4-40b8-af43-bf88dff1611a&categoryId=b3bd623d-d6db-4f33-9d3f-1ace50e8f46f&page=1&limit=10 200 14.895 ms - 7536","timestamp":"2026-06-27 16:08:05"}
{"level":"info","message":"::1 - GET /admin/vendors/filter?mainCategoryId=d0567f48-e5e4-40b8-af43-bf88dff1611a&categoryId=b3bd623d-d6db-4f33-9d3f-1ace50e8f46f&subCategoryId=5d966177-d71a-4b05-a413-9962303a6035&page=1&limit=10 200 16.220 ms - 7536","timestamp":"2026-06-27 16:08:06"}
{"level":"info","message":"::1 - GET /admin/vendors/filter?mainCategoryId=d0567f48-e5e4-40b8-af43-bf88dff1611a&categoryId=b3bd623d-d6db-4f33-9d3f-1ace50e8f46f&subCategoryId=8ea7aa70-8caa-413d-9f5c-0e962c9ec479&page=1&limit=10 200 13.652 ms - 5085","timestamp":"2026-06-27 16:08:12"}
{"level":"info","message":"::1 - GET /admin/vendors/filter?mainCategoryId=d0567f48-e5e4-40b8-af43-bf88dff1611a&categoryId=b3bd623d-d6db-4f33-9d3f-1ace50e8f46f&subCategoryId=a2736c92-77eb-4c1a-981e-759ded291952&page=1&limit=10 200 11.370 ms - 5085","timestamp":"2026-06-27 16:08:16"}
{"level":"info","message":"⚡️ Server is running on port 5050 in development mode","timestamp":"2026-06-27 16:10:36"}
{"level":"info","message":"Password reset link generated: http://localhost:3000/reset-password?token=d0bb6c3ddfa85e27ecfdaa5dd2aec8bd7c7cc1e2e534bddc7b15e510876fee49","timestamp":"2026-06-27 16:10:43"}
{"level":"info","message":"::1 - POST /auth/forgot-password 200 206.992 ms - 177","timestamp":"2026-06-27 16:10:43"}
{"level":"info","message":"::1 - POST /auth/refresh-token 200 27.510 ms - 505","timestamp":"2026-06-27 16:10:43"}
{"level":"info","message":"::1 - GET /services/main-categories 304 9.211 ms - -","timestamp":"2026-06-27 16:10:59"}
{"level":"info","message":"::1 - GET /admin/vendors?page=1&limit=10 304 111.154 ms - -","timestamp":"2026-06-27 16:10:59"}
{"level":"info","message":"Password reset link generated: http://localhost:3000/reset-password?token=e36528f21730bfb8d0aea2814187b5c4a9a2a16bc886e5901a6b71209415d28f","timestamp":"2026-06-27 16:11:11"}
{"level":"info","message":"::1 - POST /auth/forgot-password 200 35.523 ms - 177","timestamp":"2026-06-27 16:11:11"}
{"level":"info","message":"::1 - POST /auth/refresh-token 200 30.979 ms - 506","timestamp":"2026-06-27 16:11:11"}
{"level":"info","message":"::1 - GET /services/categories/d0567f48-e5e4-40b8-af43-bf88dff1611a 304 14.679 ms - -","timestamp":"2026-06-27 16:12:24"}
{"level":"info","message":"::1 - GET /services/sub-categories/b3bd623d-d6db-4f33-9d3f-1ace50e8f46f 304 11.255 ms - -","timestamp":"2026-06-27 16:12:26"}
{"level":"info","message":"::1 - GET /admin/vendors/filter?subCategoryId=5d966177-d71a-4b05-a413-9962303a6035&page=1&limit=10 200 33.146 ms - 7536","timestamp":"2026-06-27 16:12:30"}
{"level":"info","message":"::1 - GET /admin/vendors/filter?subCategoryId=5d966177-d71a-4b05-a413-9962303a6035,8ea7aa70-8caa-413d-9f5c-0e962c9ec479&page=1&limit=10 500 30.380 ms - 1186","timestamp":"2026-06-27 16:12:34"}
{"level":"info","message":"::1 - GET /services/sub-categories/8fce147e-e005-4b2f-b660-53399b903540 200 6.365 ms - 559","timestamp":"2026-06-27 16:12:42"}
{"level":"info","message":"::1 - GET /admin/vendors/filter?subCategoryId=5d966177-d71a-4b05-a413-9962303a6035,8ea7aa70-8caa-413d-9f5c-0e962c9ec479,7cc72bcf-a9ea-45b3-a4d8-c0b2a22f3364&page=1&limit=10 500 4.885 ms - 1186","timestamp":"2026-06-27 16:12:45"}
{"level":"info","message":"::1 - GET /admin/vendors/filter?subCategoryId=5d966177-d71a-4b05-a413-9962303a6035,8ea7aa70-8caa-413d-9f5c-0e962c9ec479,7cc72bcf-a9ea-45b3-a4d8-c0b2a22f3364,99b765b9-496d-4d6d-b48a-5790bf252ede&page=1&limit=10 500 5.279 ms - 1186","timestamp":"2026-06-27 16:12:46"}
{"level":"info","message":"::1 - GET /admin/vendors/filter?subCategoryId=5d966177-d71a-4b05-a413-9962303a6035,8ea7aa70-8caa-413d-9f5c-0e962c9ec479,7cc72bcf-a9ea-45b3-a4d8-c0b2a22f3364&page=1&limit=10 500 4.113 ms - 1186","timestamp":"2026-06-27 16:12:52"}
{"level":"info","message":"::1 - GET /admin/vendors/filter?subCategoryId=5d966177-d71a-4b05-a413-9962303a6035,8ea7aa70-8caa-413d-9f5c-0e962c9ec479&page=1&limit=10 500 3.726 ms - 1186","timestamp":"2026-06-27 16:12:55"}
{"level":"info","message":"::1 - GET /services/categories/ff6779ff-d43b-4b5b-b2b9-6933bbec4e65 304 6.759 ms - -","timestamp":"2026-06-27 16:13:14"}
{"level":"info","message":"::1 - GET /services/categories/107c297f-573c-4213-9f35-6504c2ab387e 200 4.954 ms - 327","timestamp":"2026-06-27 16:13:17"}
{"level":"info","message":"::1 - GET /services 304 19.485 ms - -","timestamp":"2026-06-27 16:13:22"}
{"level":"info","message":"⚡️ Server is running on port 5050 in development mode","timestamp":"2026-06-27 16:15:43"}
{"level":"info","message":"⚡️ Server is running on port 5050 in development mode","timestamp":"2026-06-27 16:16:25"}
{"level":"info","message":"⚡️ Server is running on port 5050 in development mode","timestamp":"2026-06-27 16:16:36"}
